# JRE version: Java(TM) SE Runtime Environment (8.0_141-b15) (build 1.8.0_141-b15)
# Java VM: Java HotSpot(TM) 64-Bit Server VM (25.141-b15 mixed mode windows-amd64 compressed oops)
Heap:
 PSYoungGen      total 39936K, used 5766K [0x00000000e0000000, 0x00000000e4080000, 0x0000000100000000)
  eden space 32768K, 5% used [0x00000000e0000000,0x00000000e01bfe98,0x00000000e2000000)
  from space 7168K, 55% used [0x00000000e2700000,0x00000000e2ae1a70,0x00000000e2e00000)
  to   space 7168K, 0% used [0x00000000e2000000,0x00000000e2000000,0x00000000e2700000)
 ParOldGen       total 35328K, used 8416K [0x00000000a0000000, 0x00000000a2280000, 0x00000000e0000000)
  object space 35328K, 23% used [0x00000000a0000000,0x00000000a0838038,0x00000000a2280000)
 Metaspace       used 23573K, capacity 23972K, committed 24192K, reserved 1071104K
  class space    used 3253K, capacity 3392K, committed 3456K, reserved 1048576K
GC Heap History (10 events):
Event: 3.741 GC heap before
{Heap before GC invocations=5 (full 0):
 PSYoungGen      total 18944K, used 18944K [0x00000000e0000000, 0x00000000e1500000, 0x0000000100000000)
  eden space 16384K, 100% used [0x00000000e0000000,0x00000000e1000000,0x00000000e1000000)
  from space 2560K, 100% used [0x00000000e1280000,0x00000000e1500000,0x00000000e1500000)
  to   space 2560K, 0% used [0x00000000e1000000,0x00000000e1000000,0x00000000e1280000)
 ParOldGen       total 44032K, used 3677K [0x00000000a0000000, 0x00000000a2b00000, 0x00000000e0000000)
  object space 44032K, 8% used [0x00000000a0000000,0x00000000a0397658,0x00000000a2b00000)
 Metaspace       used 16338K, capacity 16688K, committed 16896K, reserved 1064960K
  class space    used 2175K, capacity 2290K, committed 2304K, reserved 1048576K
Event: 3.747 GC heap after
Heap after GC invocations=5 (full 0):
 PSYoungGen      total 18944K, used 2544K [0x00000000e0000000, 0x00000000e2e00000, 0x0000000100000000)
  eden space 16384K, 0% used [0x00000000e0000000,0x00000000e0000000,0x00000000e1000000)
  from space 2560K, 99% used [0x00000000e1000000,0x00000000e127c030,0x00000000e1280000)
  to   space 7168K, 0% used [0x00000000e2700000,0x00000000e2700000,0x00000000e2e00000)
 ParOldGen       total 44032K, used 7290K [0x00000000a0000000, 0x00000000a2b00000, 0x00000000e0000000)
  object space 44032K, 16% used [0x00000000a0000000,0x00000000a071e8d0,0x00000000a2b00000)
 Metaspace       used 16338K, capacity 16688K, committed 16896K, reserved 1064960K
  class space    used 2175K, capacity 2290K, committed 2304K, reserved 1048576K
}
Event: 4.211 GC heap before
{Heap before GC invocations=6 (full 0):
 PSYoungGen      total 18944K, used 18928K [0x00000000e0000000, 0x00000000e2e00000, 0x0000000100000000)
  eden space 16384K, 100% used [0x00000000e0000000,0x00000000e1000000,0x00000000e1000000)
  from space 2560K, 99% used [0x00000000e1000000,0x00000000e127c030,0x00000000e1280000)
  to   space 7168K, 0% used [0x00000000e2700000,0x00000000e2700000,0x00000000e2e00000)
 ParOldGen       total 44032K, used 7290K [0x00000000a0000000, 0x00000000a2b00000, 0x00000000e0000000)
  object space 44032K, 16% used [0x00000000a0000000,0x00000000a071e8d0,0x00000000a2b00000)
 Metaspace       used 18521K, capacity 18832K, committed 19072K, reserved 1064960K
  class space    used 2524K, capacity 2642K, committed 2688K, reserved 1048576K
Event: 4.228 GC heap after
Heap after GC invocations=6 (full 0):
 PSYoungGen      total 39936K, used 5190K [0x00000000e0000000, 0x00000000e2e00000, 0x0000000100000000)
  eden space 32768K, 0% used [0x00000000e0000000,0x00000000e0000000,0x00000000e2000000)
  from space 7168K, 72% used [0x00000000e2700000,0x00000000e2c119d8,0x00000000e2e00000)
  to   space 7168K, 0% used [0x00000000e2000000,0x00000000e2000000,0x00000000e2700000)
 ParOldGen       total 44032K, used 7290K [0x00000000a0000000, 0x00000000a2b00000, 0x00000000e0000000)
  object space 44032K, 16% used [0x00000000a0000000,0x00000000a071e8d0,0x00000000a2b00000)
 Metaspace       used 18521K, capacity 18832K, committed 19072K, reserved 1064960K
  class space    used 2524K, capacity 2642K, committed 2688K, reserved 1048576K
}
Event: 4.850 GC heap before
{Heap before GC invocations=7 (full 0):
 PSYoungGen      total 39936K, used 29498K [0x00000000e0000000, 0x00000000e2e00000, 0x0000000100000000)
  eden space 32768K, 74% used [0x00000000e0000000,0x00000000e17bd188,0x00000000e2000000)
  from space 7168K, 72% used [0x00000000e2700000,0x00000000e2c119d8,0x00000000e2e00000)
  to   space 7168K, 0% used [0x00000000e2000000,0x00000000e2000000,0x00000000e2700000)
 ParOldGen       total 44032K, used 7290K [0x00000000a0000000, 0x00000000a2b00000, 0x00000000e0000000)
  object space 44032K, 16% used [0x00000000a0000000,0x00000000a071e8d0,0x00000000a2b00000)
 Metaspace       used 20836K, capacity 21148K, committed 21296K, reserved 1067008K
  class space    used 2788K, capacity 2901K, committed 2944K, reserved 1048576K
Event: 4.861 GC heap after
Heap after GC invocations=7 (full 0):
 PSYoungGen      total 39936K, used 5524K [0x00000000e0000000, 0x00000000e2e00000, 0x0000000100000000)
  eden space 32768K, 0% used [0x00000000e0000000,0x00000000e0000000,0x00000000e2000000)
  from space 7168K, 77% used [0x00000000e2000000,0x00000000e2565310,0x00000000e2700000)
  to   space 7168K, 0% used [0x00000000e2700000,0x00000000e2700000,0x00000000e2e00000)
 ParOldGen       total 44032K, used 7970K [0x00000000a0000000, 0x00000000a2b00000, 0x00000000e0000000)
  object space 44032K, 18% used [0x00000000a0000000,0x00000000a07c8910,0x00000000a2b00000)
 Metaspace       used 20836K, capacity 21148K, committed 21296K, reserved 1067008K
  class space    used 2788K, capacity 2901K, committed 2944K, reserved 1048576K
}
Event: 4.861 GC heap before
{Heap before GC invocations=8 (full 1):
 PSYoungGen      total 39936K, used 5524K [0x00000000e0000000, 0x00000000e2e00000, 0x0000000100000000)
  eden space 32768K, 0% used [0x00000000e0000000,0x00000000e0000000,0x00000000e2000000)
  from space 7168K, 77% used [0x00000000e2000000,0x00000000e2565310,0x00000000e2700000)
  to   space 7168K, 0% used [0x00000000e2700000,0x00000000e2700000,0x00000000e2e00000)
 ParOldGen       total 44032K, used 7970K [0x00000000a0000000, 0x00000000a2b00000, 0x00000000e0000000)
  object space 44032K, 18% used [0x00000000a0000000,0x00000000a07c8910,0x00000000a2b00000)
 Metaspace       used 20836K, capacity 21148K, committed 21296K, reserved 1067008K
  class space    used 2788K, capacity 2901K, committed 2944K, reserved 1048576K
Event: 4.915 GC heap after
Heap after GC invocations=8 (full 1):
 PSYoungGen      total 39936K, used 0K [0x00000000e0000000, 0x00000000e2e00000, 0x0000000100000000)
  eden space 32768K, 0% used [0x00000000e0000000,0x00000000e0000000,0x00000000e2000000)
  from space 7168K, 0% used [0x00000000e2000000,0x00000000e2000000,0x00000000e2700000)
  to   space 7168K, 0% used [0x00000000e2700000,0x00000000e2700000,0x00000000e2e00000)
 ParOldGen       total 35328K, used 8416K [0x00000000a0000000, 0x00000000a2280000, 0x00000000e0000000)
  object space 35328K, 23% used [0x00000000a0000000,0x00000000a0838038,0x00000000a2280000)
 Metaspace       used 20836K, capacity 21148K, committed 21296K, reserved 1067008K
  class space    used 2788K, capacity 2901K, committed 2944K, reserved 1048576K
}
Event: 5.619 GC heap before
{Heap before GC invocations=9 (full 1):
 PSYoungGen      total 39936K, used 32768K [0x00000000e0000000, 0x00000000e2e00000, 0x0000000100000000)
  eden space 32768K, 100% used [0x00000000e0000000,0x00000000e2000000,0x00000000e2000000)
  from space 7168K, 0% used [0x00000000e2000000,0x00000000e2000000,0x00000000e2700000)
  to   space 7168K, 0% used [0x00000000e2700000,0x00000000e2700000,0x00000000e2e00000)
 ParOldGen       total 35328K, used 8416K [0x00000000a0000000, 0x00000000a2280000, 0x00000000e0000000)
  object space 35328K, 23% used [0x00000000a0000000,0x00000000a0838038,0x00000000a2280000)
 Metaspace       used 23452K, capacity 23812K, committed 23936K, reserved 1069056K
  class space    used 3232K, capacity 3360K, committed 3456K, reserved 1048576K
Event: 5.626 GC heap after
Heap after GC invocations=9 (full 1):
 PSYoungGen      total 39936K, used 3974K [0x00000000e0000000, 0x00000000e4080000, 0x0000000100000000)
  eden space 32768K, 0% used [0x00000000e0000000,0x00000000e0000000,0x00000000e2000000)
  from space 7168K, 55% used [0x00000000e2700000,0x00000000e2ae1a70,0x00000000e2e00000)
  to   space 7168K, 0% used [0x00000000e2000000,0x00000000e2000000,0x00000000e2700000)
 ParOldGen       total 35328K, used 8416K [0x00000000a0000000, 0x00000000a2280000, 0x00000000e0000000)
  object space 35328K, 23% used [0x00000000a0000000,0x00000000a0838038,0x00000000a2280000)
 Metaspace       used 23452K, capacity 23812K, committed 23936K, reserved 1069056K
  class space    used 3232K, capacity 3360K, committed 3456K, reserved 1048576K
}

