# JRE version: Java(TM) SE Runtime Environment (8.0_141-b15) (build 1.8.0_141-b15)
# Java VM: Java HotSpot(TM) 64-Bit Server VM (25.141-b15 mixed mode windows-amd64 compressed oops)
Heap:
 PSYoungGen      total 67584K, used 39887K [0x00000000e0000000, 0x00000000e5d00000, 0x0000000100000000)
  eden space 59904K, 53% used [0x00000000e0000000,0x00000000e1f7a000,0x00000000e3a80000)
  from space 7680K, 99% used [0x00000000e4380000,0x00000000e4af9ce0,0x00000000e4b00000)
  to   space 9216K, 0% used [0x00000000e3a80000,0x00000000e3a80000,0x00000000e4380000)
 ParOldGen       total 37376K, used 9350K [0x00000000a0000000, 0x00000000a2480000, 0x00000000e0000000)
  object space 37376K, 25% used [0x00000000a0000000,0x00000000a0921870,0x00000000a2480000)
 Metaspace       used 32127K, capacity 32634K, committed 32768K, reserved 1077248K
  class space    used 4405K, capacity 4574K, committed 4608K, reserved 1048576K
GC Heap History (10 events):
Event: 3.580 GC heap before
{Heap before GC invocations=7 (full 0):
 PSYoungGen      total 39936K, used 29548K [0x00000000e0000000, 0x00000000e2e00000, 0x0000000100000000)
  eden space 32768K, 74% used [0x00000000e0000000,0x00000000e17c19e8,0x00000000e2000000)
  from space 7168K, 72% used [0x00000000e2700000,0x00000000e2c199d8,0x00000000e2e00000)
  to   space 7168K, 0% used [0x00000000e2000000,0x00000000e2000000,0x00000000e2700000)
 ParOldGen       total 44032K, used 7330K [0x00000000a0000000, 0x00000000a2b00000, 0x00000000e0000000)
  object space 44032K, 16% used [0x00000000a0000000,0x00000000a0728820,0x00000000a2b00000)
 Metaspace       used 20795K, capacity 21148K, committed 21296K, reserved 1067008K
  class space    used 2784K, capacity 2901K, committed 2944K, reserved 1048576K
Event: 3.597 GC heap after
Heap after GC invocations=7 (full 0):
 PSYoungGen      total 39936K, used 5744K [0x00000000e0000000, 0x00000000e4f00000, 0x0000000100000000)
  eden space 32768K, 0% used [0x00000000e0000000,0x00000000e0000000,0x00000000e2000000)
  from space 7168K, 80% used [0x00000000e2000000,0x00000000e259c0a8,0x00000000e2700000)
  to   space 7680K, 0% used [0x00000000e4780000,0x00000000e4780000,0x00000000e4f00000)
 ParOldGen       total 44032K, used 7762K [0x00000000a0000000, 0x00000000a2b00000, 0x00000000e0000000)
  object space 44032K, 17% used [0x00000000a0000000,0x00000000a0794860,0x00000000a2b00000)
 Metaspace       used 20795K, capacity 21148K, committed 21296K, reserved 1067008K
  class space    used 2784K, capacity 2901K, committed 2944K, reserved 1048576K
}
Event: 3.597 GC heap before
{Heap before GC invocations=8 (full 1):
 PSYoungGen      total 39936K, used 5744K [0x00000000e0000000, 0x00000000e4f00000, 0x0000000100000000)
  eden space 32768K, 0% used [0x00000000e0000000,0x00000000e0000000,0x00000000e2000000)
  from space 7168K, 80% used [0x00000000e2000000,0x00000000e259c0a8,0x00000000e2700000)
  to   space 7680K, 0% used [0x00000000e4780000,0x00000000e4780000,0x00000000e4f00000)
 ParOldGen       total 44032K, used 7762K [0x00000000a0000000, 0x00000000a2b00000, 0x00000000e0000000)
  object space 44032K, 17% used [0x00000000a0000000,0x00000000a0794860,0x00000000a2b00000)
 Metaspace       used 20795K, capacity 21148K, committed 21296K, reserved 1067008K
  class space    used 2784K, capacity 2901K, committed 2944K, reserved 1048576K
Event: 3.677 GC heap after
Heap after GC invocations=8 (full 1):
 PSYoungGen      total 39936K, used 0K [0x00000000e0000000, 0x00000000e4f00000, 0x0000000100000000)
  eden space 32768K, 0% used [0x00000000e0000000,0x00000000e0000000,0x00000000e2000000)
  from space 7168K, 0% used [0x00000000e2000000,0x00000000e2000000,0x00000000e2700000)
  to   space 7680K, 0% used [0x00000000e4780000,0x00000000e4780000,0x00000000e4f00000)
 ParOldGen       total 37376K, used 8479K [0x00000000a0000000, 0x00000000a2480000, 0x00000000e0000000)
  object space 37376K, 22% used [0x00000000a0000000,0x00000000a0847e50,0x00000000a2480000)
 Metaspace       used 20795K, capacity 21148K, committed 21296K, reserved 1067008K
  class space    used 2784K, capacity 2901K, committed 2944K, reserved 1048576K
}
Event: 4.374 GC heap before
{Heap before GC invocations=9 (full 1):
 PSYoungGen      total 39936K, used 32768K [0x00000000e0000000, 0x00000000e4f00000, 0x0000000100000000)
  eden space 32768K, 100% used [0x00000000e0000000,0x00000000e2000000,0x00000000e2000000)
  from space 7168K, 0% used [0x00000000e2000000,0x00000000e2000000,0x00000000e2700000)
  to   space 7680K, 0% used [0x00000000e4780000,0x00000000e4780000,0x00000000e4f00000)
 ParOldGen       total 37376K, used 8479K [0x00000000a0000000, 0x00000000a2480000, 0x00000000e0000000)
  object space 37376K, 22% used [0x00000000a0000000,0x00000000a0847e50,0x00000000a2480000)
 Metaspace       used 23432K, capacity 23780K, committed 23808K, reserved 1069056K
  class space    used 3229K, capacity 3328K, committed 3328K, reserved 1048576K
Event: 4.382 GC heap after
Heap after GC invocations=9 (full 1):
 PSYoungGen      total 52224K, used 3970K [0x00000000e0000000, 0x00000000e4b80000, 0x0000000100000000)
  eden space 48128K, 0% used [0x00000000e0000000,0x00000000e0000000,0x00000000e2f00000)
  from space 4096K, 96% used [0x00000000e4780000,0x00000000e4b60b28,0x00000000e4b80000)
  to   space 7168K, 0% used [0x00000000e3d80000,0x00000000e3d80000,0x00000000e4480000)
 ParOldGen       total 37376K, used 8487K [0x00000000a0000000, 0x00000000a2480000, 0x00000000e0000000)
  object space 37376K, 22% used [0x00000000a0000000,0x00000000a0849e50,0x00000000a2480000)
 Metaspace       used 23432K, capacity 23780K, committed 23808K, reserved 1069056K
  class space    used 3229K, capacity 3328K, committed 3328K, reserved 1048576K
}
Event: 5.213 GC heap before
{Heap before GC invocations=10 (full 1):
 PSYoungGen      total 52224K, used 52098K [0x00000000e0000000, 0x00000000e4b80000, 0x0000000100000000)
  eden space 48128K, 100% used [0x00000000e0000000,0x00000000e2f00000,0x00000000e2f00000)
  from space 4096K, 96% used [0x00000000e4780000,0x00000000e4b60b28,0x00000000e4b80000)
  to   space 7168K, 0% used [0x00000000e3d80000,0x00000000e3d80000,0x00000000e4480000)
 ParOldGen       total 37376K, used 8487K [0x00000000a0000000, 0x00000000a2480000, 0x00000000e0000000)
  object space 37376K, 22% used [0x00000000a0000000,0x00000000a0849e50,0x00000000a2480000)
 Metaspace       used 27203K, capacity 27674K, committed 27904K, reserved 1073152K
  class space    used 3792K, capacity 3983K, committed 4096K, reserved 1048576K
Event: 5.225 GC heap after
Heap after GC invocations=10 (full 1):
 PSYoungGen      total 67584K, used 5951K [0x00000000e0000000, 0x00000000e4b00000, 0x0000000100000000)
  eden space 61440K, 0% used [0x00000000e0000000,0x00000000e0000000,0x00000000e3c00000)
  from space 6144K, 96% used [0x00000000e3d80000,0x00000000e434fe38,0x00000000e4380000)
  to   space 7680K, 0% used [0x00000000e4380000,0x00000000e4380000,0x00000000e4b00000)
 ParOldGen       total 37376K, used 8487K [0x00000000a0000000, 0x00000000a2480000, 0x00000000e0000000)
  object space 37376K, 22% used [0x00000000a0000000,0x00000000a0849e50,0x00000000a2480000)
 Metaspace       used 27203K, capacity 27674K, committed 27904K, reserved 1073152K
  class space    used 3792K, capacity 3983K, committed 4096K, reserved 1048576K
}
Event: 6.498 GC heap before
{Heap before GC invocations=11 (full 1):
 PSYoungGen      total 67584K, used 67391K [0x00000000e0000000, 0x00000000e4b00000, 0x0000000100000000)
  eden space 61440K, 100% used [0x00000000e0000000,0x00000000e3c00000,0x00000000e3c00000)
  from space 6144K, 96% used [0x00000000e3d80000,0x00000000e434fe38,0x00000000e4380000)
  to   space 7680K, 0% used [0x00000000e4380000,0x00000000e4380000,0x00000000e4b00000)
 ParOldGen       total 37376K, used 8487K [0x00000000a0000000, 0x00000000a2480000, 0x00000000e0000000)
  object space 37376K, 22% used [0x00000000a0000000,0x00000000a0849e50,0x00000000a2480000)
 Metaspace       used 31514K, capacity 32026K, committed 32256K, reserved 1077248K
  class space    used 4351K, capacity 4542K, committed 4608K, reserved 1048576K
Event: 6.510 GC heap after
Heap after GC invocations=11 (full 1):
 PSYoungGen      total 67584K, used 7655K [0x00000000e0000000, 0x00000000e5d00000, 0x0000000100000000)
  eden space 59904K, 0% used [0x00000000e0000000,0x00000000e0000000,0x00000000e3a80000)
  from space 7680K, 99% used [0x00000000e4380000,0x00000000e4af9ce0,0x00000000e4b00000)
  to   space 9216K, 0% used [0x00000000e3a80000,0x00000000e3a80000,0x00000000e4380000)
 ParOldGen       total 37376K, used 9350K [0x00000000a0000000, 0x00000000a2480000, 0x00000000e0000000)
  object space 37376K, 25% used [0x00000000a0000000,0x00000000a0921870,0x00000000a2480000)
 Metaspace       used 31514K, capacity 32026K, committed 32256K, reserved 1077248K
  class space    used 4351K, capacity 4542K, committed 4608K, reserved 1048576K
}

