# JRE version: Java(TM) SE Runtime Environment (8.0_141-b15) (build 1.8.0_141-b15)
# Java VM: Java HotSpot(TM) 64-Bit Server VM (25.141-b15 mixed mode windows-amd64 compressed oops)
Heap:
 PSYoungGen      total 86016K, used 22057K [0x00000000e0000000, 0x00000000e6a80000, 0x0000000100000000)
  eden space 75264K, 29% used [0x00000000e0000000,0x00000000e158a5d8,0x00000000e4980000)
  from space 10752K, 0% used [0x00000000e5400000,0x00000000e5400000,0x00000000e5e80000)
  to   space 10752K, 0% used [0x00000000e4980000,0x00000000e4980000,0x00000000e5400000)
 ParOldGen       total 54272K, used 17740K [0x00000000a0000000, 0x00000000a3500000, 0x00000000e0000000)
  object space 54272K, 32% used [0x00000000a0000000,0x00000000a1153380,0x00000000a3500000)
 Metaspace       used 35064K, capacity 35704K, committed 36096K, reserved 1081344K
  class space    used 4800K, capacity 4993K, committed 5120K, reserved 1048576K
GC Heap History (10 events):
Event: 5.199 GC heap before
{Heap before GC invocations=10 (full 1):
 PSYoungGen      total 51200K, used 51048K [0x00000000e0000000, 0x00000000e4b80000, 0x0000000100000000)
  eden space 47104K, 100% used [0x00000000e0000000,0x00000000e2e00000,0x00000000e2e00000)
  from space 4096K, 96% used [0x00000000e4780000,0x00000000e4b5a3b0,0x00000000e4b80000)
  to   space 7168K, 0% used [0x00000000e3d80000,0x00000000e3d80000,0x00000000e4480000)
 ParOldGen       total 37888K, used 8432K [0x00000000a0000000, 0x00000000a2500000, 0x00000000e0000000)
  object space 37888K, 22% used [0x00000000a0000000,0x00000000a083c230,0x00000000a2500000)
 Metaspace       used 27143K, capacity 27590K, committed 27904K, reserved 1073152K
  class space    used 3788K, capacity 3979K, committed 4096K, reserved 1048576K
Event: 5.205 GC heap after
Heap after GC invocations=10 (full 1):
 PSYoungGen      total 64512K, used 5825K [0x00000000e0000000, 0x00000000e4800000, 0x0000000100000000)
  eden space 58368K, 0% used [0x00000000e0000000,0x00000000e0000000,0x00000000e3900000)
  from space 6144K, 94% used [0x00000000e3d80000,0x00000000e4330468,0x00000000e4380000)
  to   space 4608K, 0% used [0x00000000e4380000,0x00000000e4380000,0x00000000e4800000)
 ParOldGen       total 37888K, used 8504K [0x00000000a0000000, 0x00000000a2500000, 0x00000000e0000000)
  object space 37888K, 22% used [0x00000000a0000000,0x00000000a084e240,0x00000000a2500000)
 Metaspace       used 27143K, capacity 27590K, committed 27904K, reserved 1073152K
  class space    used 3788K, capacity 3979K, committed 4096K, reserved 1048576K
}
Event: 8.725 GC heap before
{Heap before GC invocations=11 (full 1):
 PSYoungGen      total 64512K, used 64193K [0x00000000e0000000, 0x00000000e4800000, 0x0000000100000000)
  eden space 58368K, 100% used [0x00000000e0000000,0x00000000e3900000,0x00000000e3900000)
  from space 6144K, 94% used [0x00000000e3d80000,0x00000000e4330468,0x00000000e4380000)
  to   space 4608K, 0% used [0x00000000e4380000,0x00000000e4380000,0x00000000e4800000)
 ParOldGen       total 37888K, used 8504K [0x00000000a0000000, 0x00000000a2500000, 0x00000000e0000000)
  object space 37888K, 22% used [0x00000000a0000000,0x00000000a084e240,0x00000000a2500000)
 Metaspace       used 31087K, capacity 31582K, committed 31872K, reserved 1077248K
  class space    used 4278K, capacity 4478K, committed 4480K, reserved 1048576K
Event: 8.733 GC heap after
Heap after GC invocations=11 (full 1):
 PSYoungGen      total 65024K, used 4596K [0x00000000e0000000, 0x00000000e5600000, 0x0000000100000000)
  eden space 60416K, 0% used [0x00000000e0000000,0x00000000e0000000,0x00000000e3b00000)
  from space 4608K, 99% used [0x00000000e4380000,0x00000000e47fd020,0x00000000e4800000)
  to   space 8704K, 0% used [0x00000000e3b00000,0x00000000e3b00000,0x00000000e4380000)
 ParOldGen       total 37888K, used 11889K [0x00000000a0000000, 0x00000000a2500000, 0x00000000e0000000)
  object space 37888K, 31% used [0x00000000a0000000,0x00000000a0b9c750,0x00000000a2500000)
 Metaspace       used 31087K, capacity 31582K, committed 31872K, reserved 1077248K
  class space    used 4278K, capacity 4478K, committed 4480K, reserved 1048576K
}
Event: 9.426 GC heap before
{Heap before GC invocations=12 (full 1):
 PSYoungGen      total 65024K, used 65012K [0x00000000e0000000, 0x00000000e5600000, 0x0000000100000000)
  eden space 60416K, 100% used [0x00000000e0000000,0x00000000e3b00000,0x00000000e3b00000)
  from space 4608K, 99% used [0x00000000e4380000,0x00000000e47fd020,0x00000000e4800000)
  to   space 8704K, 0% used [0x00000000e3b00000,0x00000000e3b00000,0x00000000e4380000)
 ParOldGen       total 37888K, used 11889K [0x00000000a0000000, 0x00000000a2500000, 0x00000000e0000000)
  object space 37888K, 31% used [0x00000000a0000000,0x00000000a0b9c750,0x00000000a2500000)
 Metaspace       used 34516K, capacity 35074K, committed 35456K, reserved 1079296K
  class space    used 4708K, capacity 4868K, committed 4992K, reserved 1048576K
Event: 9.443 GC heap after
Heap after GC invocations=12 (full 1):
 PSYoungGen      total 69120K, used 8701K [0x00000000e0000000, 0x00000000e5e80000, 0x0000000100000000)
  eden space 60416K, 0% used [0x00000000e0000000,0x00000000e0000000,0x00000000e3b00000)
  from space 8704K, 99% used [0x00000000e3b00000,0x00000000e437f4e8,0x00000000e4380000)
  to   space 10752K, 0% used [0x00000000e5400000,0x00000000e5400000,0x00000000e5e80000)
 ParOldGen       total 37888K, used 14081K [0x00000000a0000000, 0x00000000a2500000, 0x00000000e0000000)
  object space 37888K, 37% used [0x00000000a0000000,0x00000000a0dc06a8,0x00000000a2500000)
 Metaspace       used 34516K, capacity 35074K, committed 35456K, reserved 1079296K
  class space    used 4708K, capacity 4868K, committed 4992K, reserved 1048576K
}
Event: 9.531 GC heap before
{Heap before GC invocations=13 (full 1):
 PSYoungGen      total 69120K, used 15837K [0x00000000e0000000, 0x00000000e5e80000, 0x0000000100000000)
  eden space 60416K, 11% used [0x00000000e0000000,0x00000000e06f82c8,0x00000000e3b00000)
  from space 8704K, 99% used [0x00000000e3b00000,0x00000000e437f4e8,0x00000000e4380000)
  to   space 10752K, 0% used [0x00000000e5400000,0x00000000e5400000,0x00000000e5e80000)
 ParOldGen       total 37888K, used 14081K [0x00000000a0000000, 0x00000000a2500000, 0x00000000e0000000)
  object space 37888K, 37% used [0x00000000a0000000,0x00000000a0dc06a8,0x00000000a2500000)
 Metaspace       used 34722K, capacity 35252K, committed 35456K, reserved 1079296K
  class space    used 4740K, capacity 4907K, committed 4992K, reserved 1048576K
Event: 9.552 GC heap after
Heap after GC invocations=13 (full 1):
 PSYoungGen      total 86016K, used 7799K [0x00000000e0000000, 0x00000000e6a80000, 0x0000000100000000)
  eden space 75264K, 0% used [0x00000000e0000000,0x00000000e0000000,0x00000000e4980000)
  from space 10752K, 72% used [0x00000000e5400000,0x00000000e5b9dc18,0x00000000e5e80000)
  to   space 10752K, 0% used [0x00000000e4980000,0x00000000e4980000,0x00000000e5400000)
 ParOldGen       total 37888K, used 15269K [0x00000000a0000000, 0x00000000a2500000, 0x00000000e0000000)
  object space 37888K, 40% used [0x00000000a0000000,0x00000000a0ee96c8,0x00000000a2500000)
 Metaspace       used 34722K, capacity 35252K, committed 35456K, reserved 1079296K
  class space    used 4740K, capacity 4907K, committed 4992K, reserved 1048576K
}
Event: 9.552 GC heap before
{Heap before GC invocations=14 (full 2):
 PSYoungGen      total 86016K, used 7799K [0x00000000e0000000, 0x00000000e6a80000, 0x0000000100000000)
  eden space 75264K, 0% used [0x00000000e0000000,0x00000000e0000000,0x00000000e4980000)
  from space 10752K, 72% used [0x00000000e5400000,0x00000000e5b9dc18,0x00000000e5e80000)
  to   space 10752K, 0% used [0x00000000e4980000,0x00000000e4980000,0x00000000e5400000)
 ParOldGen       total 37888K, used 15269K [0x00000000a0000000, 0x00000000a2500000, 0x00000000e0000000)
  object space 37888K, 40% used [0x00000000a0000000,0x00000000a0ee96c8,0x00000000a2500000)
 Metaspace       used 34722K, capacity 35252K, committed 35456K, reserved 1079296K
  class space    used 4740K, capacity 4907K, committed 4992K, reserved 1048576K
Event: 9.656 GC heap after
Heap after GC invocations=14 (full 2):
 PSYoungGen      total 86016K, used 0K [0x00000000e0000000, 0x00000000e6a80000, 0x0000000100000000)
  eden space 75264K, 0% used [0x00000000e0000000,0x00000000e0000000,0x00000000e4980000)
  from space 10752K, 0% used [0x00000000e5400000,0x00000000e5400000,0x00000000e5e80000)
  to   space 10752K, 0% used [0x00000000e4980000,0x00000000e4980000,0x00000000e5400000)
 ParOldGen       total 54272K, used 17740K [0x00000000a0000000, 0x00000000a3500000, 0x00000000e0000000)
  object space 54272K, 32% used [0x00000000a0000000,0x00000000a1153380,0x00000000a3500000)
 Metaspace       used 34722K, capacity 35252K, committed 35456K, reserved 1079296K
  class space    used 4740K, capacity 4907K, committed 4992K, reserved 1048576K
}

